<?xml version="1.0" encoding="UTF-8"?>
<testng-results skipped="0" failed="0" ignored="0" total="1" passed="1">
  <reporter-output>
  </reporter-output>
  <suite name="Default suite" duration-ms="119492" started-at="2019-07-28T21:19:58Z" finished-at="2019-07-28T21:21:57Z">
    <groups>
    </groups>
    <test name="Default test" duration-ms="119492" started-at="2019-07-28T21:19:58Z" finished-at="2019-07-28T21:21:57Z">
      <class name="tests.LoginTest">
        <test-method status="PASS" signature="setUp()[pri:0, instance:tests.LoginTest@4edc67]" name="setUp" is-config="true" duration-ms="87207" started-at="2019-07-28T21:19:58Z" finished-at="2019-07-28T21:21:25Z">
          <reporter-output>
          </reporter-output>
        </test-method> <!-- setUp -->
        <test-method status="PASS" signature="doSuccessfulLogin()[pri:0, instance:tests.LoginTest@4edc67]" name="doSuccessfulLogin" duration-ms="32225" started-at="2019-07-28T21:21:25Z" finished-at="2019-07-28T21:21:57Z">
          <reporter-output>
          </reporter-output>
        </test-method> <!-- doSuccessfulLogin -->
        <test-method status="PASS" signature="tearDown()[pri:0, instance:tests.LoginTest@4edc67]" name="tearDown" is-config="true" duration-ms="1" started-at="2019-07-28T21:21:57Z" finished-at="2019-07-28T21:21:57Z">
          <reporter-output>
          </reporter-output>
        </test-method> <!-- tearDown -->
      </class> <!-- tests.LoginTest -->
    </test> <!-- Default test -->
  </suite> <!-- Default suite -->
</testng-results>
